<?xml version="1.0" encoding="UTF-8"?>
<!-- Generated by org.testng.reporters.JUnitXMLReporter -->
<testsuite ignored="0" hostname="NTP-LAP-461" failures="0" tests="3" name="Default test" time="58.092" errors="0" timestamp="2022-06-16T15:41:55 IST">
  <testcase classname="dockerSample.dockerSample.chromeStandalone" name="chrome" time="7.932"/>
  <testcase classname="dockerSample.dockerSample.firefoxStandalone" name="firefox" time="7.358"/>
  <testcase classname="dockerSample.dockerSample.edgeStandalone" name="edge" time="6.695"/>
</testsuite> <!-- Default test -->
