<?xml version="1.0" encoding="UTF-8"?>
<!-- Generated by org.testng.reporters.JUnitXMLReporter -->
<testsuite ignored="0" hostname="NTP-LAP-461" failures="0" tests="3" name="Test" time="49.279" errors="0" timestamp="2022-06-15T16:39:52 IST">
  <testcase classname="dockerSample.dockerSample.chromeStandalone" name="chrome" time="8.68"/>
  <testcase classname="dockerSample.dockerSample.edgeStandalone" name="edge" time="11.161"/>
  <testcase classname="dockerSample.dockerSample.firefoxStandalone" name="firefox" time="14.851"/>
</testsuite> <!-- Test -->
