<?xml version="1.0" encoding="UTF-8"?>
<!-- Generated by org.testng.reporters.JUnitXMLReporter -->
<testsuite ignored="0" hostname="NTP-LAP-461" failures="0" tests="3" name="Test" time="60.015" errors="0" timestamp="2022-06-16T16:10:04 IST">
  <testcase classname="dockerSample.dockerSample.edgeStandalone" name="edge" time="9.871"/>
  <testcase classname="dockerSample.dockerSample.chromeStandalone" name="chrome" time="10.458"/>
  <testcase classname="dockerSample.dockerSample.firefoxStandalone" name="firefox" time="25.433"/>
</testsuite> <!-- Test -->
