<?xml version="1.0" encoding="UTF-8"?>
<!-- Generated by org.testng.reporters.JUnitXMLReporter -->
<testsuite ignored="0" hostname="NTP-LAP-461" failures="0" tests="3" name="Test" time="52.202" errors="0" timestamp="2022-06-16T13:35:35 IST">
  <testcase classname="dockerSample.dockerSample.edgeStandalone" name="edge" time="10.601"/>
  <testcase classname="dockerSample.dockerSample.chromeStandalone" name="chrome" time="11.444"/>
  <testcase classname="dockerSample.dockerSample.firefoxStandalone" name="firefox" time="13.807"/>
</testsuite> <!-- Test -->
