<?xml version="1.0" encoding="UTF-8"?>
<testsuite xmlns:xsi="http://www.w3.org/2001/XMLSchema-instance" xsi:noNamespaceSchemaLocation="https://maven.apache.org/surefire/maven-surefire-plugin/xsd/surefire-test-report-3.0.xsd" version="3.0" name="TestSuite" time="52.863" tests="3" errors="0" skipped="0" failures="0">
  <properties>
[...]
</properties>
  <testcase name="edge" classname="dockerSample.dockerSample.edgeStandalone" time="10.712">
    <system-out><![CDATA[file deleted successfully
found my text
Edge instance
Google
]]></system-out>
    <system-err><![CDATA[SLF4J: Failed to load class "org.slf4j.impl.StaticLoggerBinder".
SLF4J: Defaulting to no-operation (NOP) logger implementation
SLF4J: See http://www.slf4j.org/codes.html#StaticLoggerBinder for further details.
Jun 16, 2022 1:35:16 PM org.openqa.selenium.remote.tracing.opentelemetry.OpenTelemetryTracer createTracer
INFO: Using OpenTelemetry for tracing
Jun 16, 2022 1:35:21 PM org.openqa.selenium.remote.ProtocolHandshake createSession
INFO: Detected upstream dialect: W3C
Jun 16, 2022 1:35:23 PM org.openqa.selenium.remote.ProtocolHandshake createSession
INFO: Detected upstream dialect: W3C
]]></system-err>
  </testcase>
  <testcase name="chrome" classname="dockerSample.dockerSample.chromeStandalone" time="11.445">
    <system-out><![CDATA[Chrome instance
Desired Capabilities in Selenium Testing With Examples
]]></system-out>
    <system-err><![CDATA[Jun 16, 2022 1:35:27 PM org.openqa.selenium.remote.ProtocolHandshake createSession
INFO: Detected upstream dialect: W3C
]]></system-err>
  </testcase>
  <testcase name="firefox" classname="dockerSample.dockerSample.firefoxStandalone" time="13.807">
    <system-out><![CDATA[Firefox instance
Google
]]></system-out>
  </testcase>
</testsuite>