<?xml version="1.0" encoding="UTF-8"?>
<testng-results ignored="0" total="3" passed="3" failed="0" skipped="0">
  <reporter-output>
  </reporter-output>
  <suite started-at="2022-06-15T16:42:43 IST" name="Suite" finished-at="2022-06-15T16:43:45 IST" duration-ms="62271">
    <groups>
    </groups>
    <test started-at="2022-06-15T16:42:43 IST" name="Test" finished-at="2022-06-15T16:43:45 IST" duration-ms="62271">
      <class name="dockerSample.dockerSample.chromeStandalone">
        <test-method is-config="true" signature="startDockerScale()[pri:0, instance:dockerSample.dockerSample.chromeStandalone@243c4f91]" started-at="2022-06-15T16:42:43 IST" name="startDockerScale" finished-at="2022-06-15T16:43:11 IST" duration-ms="28237" status="PASS">
          <reporter-output>
          </reporter-output>
        </test-method> <!-- startDockerScale -->
        <test-method signature="chrome()[pri:0, instance:dockerSample.dockerSample.chromeStandalone@243c4f91]" started-at="2022-06-15T16:43:11 IST" name="chrome" finished-at="2022-06-15T16:43:38 IST" duration-ms="26848" status="PASS">
          <reporter-output>
          </reporter-output>
        </test-method> <!-- chrome -->
        <test-method is-config="true" signature="stopDockerDeleteFile()[pri:0, instance:dockerSample.dockerSample.chromeStandalone@243c4f91]" started-at="2022-06-15T16:43:38 IST" name="stopDockerDeleteFile" finished-at="2022-06-15T16:43:45 IST" duration-ms="7098" status="PASS">
          <reporter-output>
          </reporter-output>
        </test-method> <!-- stopDockerDeleteFile -->
      </class> <!-- dockerSample.dockerSample.chromeStandalone -->
      <class name="dockerSample.dockerSample.firefoxStandalone">
        <test-method signature="firefox()[pri:0, instance:dockerSample.dockerSample.firefoxStandalone@5119fb47]" started-at="2022-06-15T16:43:11 IST" name="firefox" finished-at="2022-06-15T16:43:25 IST" duration-ms="13447" status="PASS">
          <reporter-output>
          </reporter-output>
        </test-method> <!-- firefox -->
      </class> <!-- dockerSample.dockerSample.firefoxStandalone -->
      <class name="dockerSample.dockerSample.edgeStandalone">
        <test-method signature="edge()[pri:0, instance:dockerSample.dockerSample.edgeStandalone@7193666c]" started-at="2022-06-15T16:43:11 IST" name="edge" finished-at="2022-06-15T16:43:22 IST" duration-ms="10145" status="PASS">
          <reporter-output>
          </reporter-output>
        </test-method> <!-- edge -->
      </class> <!-- dockerSample.dockerSample.edgeStandalone -->
    </test> <!-- Test -->
  </suite> <!-- Suite -->
</testng-results>
