<?xml version="1.0" encoding="UTF-8"?>
<testng-results ignored="0" total="3" passed="3" failed="0" skipped="0">
  <reporter-output>
  </reporter-output>
  <suite started-at="2022-06-16T15:40:57 IST" name="Default suite" finished-at="2022-06-16T15:41:55 IST" duration-ms="58092">
    <groups>
    </groups>
    <test started-at="2022-06-16T15:40:57 IST" name="Default test" finished-at="2022-06-16T15:41:55 IST" duration-ms="58092">
      <class name="dockerSample.dockerSample.chromeStandalone">
        <test-method is-config="true" signature="startDockerScale()[pri:0, instance:dockerSample.dockerSample.chromeStandalone@10e31a9a]" started-at="2022-06-16T15:40:57 IST" name="startDockerScale" finished-at="2022-06-16T15:41:28 IST" duration-ms="30626" status="PASS">
          <reporter-output>
          </reporter-output>
        </test-method> <!-- startDockerScale -->
        <test-method signature="chrome()[pri:0, instance:dockerSample.dockerSample.chromeStandalone@10e31a9a]" started-at="2022-06-16T15:41:28 IST" name="chrome" finished-at="2022-06-16T15:41:36 IST" duration-ms="7932" status="PASS">
          <reporter-output>
          </reporter-output>
        </test-method> <!-- chrome -->
        <test-method is-config="true" signature="stopDockerDeleteFile()[pri:0, instance:dockerSample.dockerSample.chromeStandalone@10e31a9a]" started-at="2022-06-16T15:41:50 IST" name="stopDockerDeleteFile" finished-at="2022-06-16T15:41:55 IST" duration-ms="5382" status="PASS">
          <reporter-output>
          </reporter-output>
        </test-method> <!-- stopDockerDeleteFile -->
      </class> <!-- dockerSample.dockerSample.chromeStandalone -->
      <class name="dockerSample.dockerSample.firefoxStandalone">
        <test-method signature="firefox()[pri:0, instance:dockerSample.dockerSample.firefoxStandalone@6adbc9d]" started-at="2022-06-16T15:41:36 IST" name="firefox" finished-at="2022-06-16T15:41:43 IST" duration-ms="7358" status="PASS">
          <reporter-output>
          </reporter-output>
        </test-method> <!-- firefox -->
      </class> <!-- dockerSample.dockerSample.firefoxStandalone -->
      <class name="dockerSample.dockerSample.edgeStandalone">
        <test-method signature="edge()[pri:0, instance:dockerSample.dockerSample.edgeStandalone@4550bb58]" started-at="2022-06-16T15:41:43 IST" name="edge" finished-at="2022-06-16T15:41:50 IST" duration-ms="6695" status="PASS">
          <reporter-output>
          </reporter-output>
        </test-method> <!-- edge -->
      </class> <!-- dockerSample.dockerSample.edgeStandalone -->
    </test> <!-- Default test -->
  </suite> <!-- Default suite -->
</testng-results>
