<?xml version="1.0" encoding="UTF-8"?>
<testng-results ignored="0" total="3" passed="3" failed="0" skipped="0">
  <reporter-output>
  </reporter-output>
  <suite started-at="2022-06-15T16:39:03 IST" name="Suite" finished-at="2022-06-15T16:39:52 IST" duration-ms="49279">
    <groups>
    </groups>
    <test started-at="2022-06-15T16:39:03 IST" name="Test" finished-at="2022-06-15T16:39:52 IST" duration-ms="49279">
      <class name="dockerSample.dockerSample.chromeStandalone">
        <test-method is-config="true" signature="startDockerScale()[pri:0, instance:dockerSample.dockerSample.chromeStandalone@36902638]" started-at="2022-06-15T16:39:03 IST" name="startDockerScale" finished-at="2022-06-15T16:39:33 IST" duration-ms="29935" status="PASS">
          <reporter-output>
          </reporter-output>
        </test-method> <!-- startDockerScale -->
        <test-method signature="chrome()[pri:0, instance:dockerSample.dockerSample.chromeStandalone@36902638]" started-at="2022-06-15T16:39:33 IST" name="chrome" finished-at="2022-06-15T16:39:41 IST" duration-ms="8680" status="PASS">
          <reporter-output>
          </reporter-output>
        </test-method> <!-- chrome -->
        <test-method is-config="true" signature="stopDockerDeleteFile()[pri:0, instance:dockerSample.dockerSample.chromeStandalone@36902638]" started-at="2022-06-15T16:39:47 IST" name="stopDockerDeleteFile" finished-at="2022-06-15T16:39:52 IST" duration-ms="4410" status="PASS">
          <reporter-output>
          </reporter-output>
        </test-method> <!-- stopDockerDeleteFile -->
      </class> <!-- dockerSample.dockerSample.chromeStandalone -->
      <class name="dockerSample.dockerSample.firefoxStandalone">
        <test-method signature="firefox()[pri:0, instance:dockerSample.dockerSample.firefoxStandalone@57a3af25]" started-at="2022-06-15T16:39:33 IST" name="firefox" finished-at="2022-06-15T16:39:47 IST" duration-ms="14851" status="PASS">
          <reporter-output>
          </reporter-output>
        </test-method> <!-- firefox -->
      </class> <!-- dockerSample.dockerSample.firefoxStandalone -->
      <class name="dockerSample.dockerSample.edgeStandalone">
        <test-method signature="edge()[pri:0, instance:dockerSample.dockerSample.edgeStandalone@2b662a77]" started-at="2022-06-15T16:39:33 IST" name="edge" finished-at="2022-06-15T16:39:44 IST" duration-ms="11161" status="PASS">
          <reporter-output>
          </reporter-output>
        </test-method> <!-- edge -->
      </class> <!-- dockerSample.dockerSample.edgeStandalone -->
    </test> <!-- Test -->
  </suite> <!-- Suite -->
</testng-results>
